-------------------------------------------------------------------------------
Test set: com.clean.ship.ShipTest
-------------------------------------------------------------------------------
Tests run: 9, Failures: 9, Errors: 0, Skipped: 0, Time elapsed: 0.002 sec <<< FAILURE!
com.clean.ship.ShipTest.testEquals()  Time elapsed: 0 sec  <<< FAILURE!
java.lang.NullPointerException
	at com.clean.ship.ShipTest.testEquals(ShipTest.java:79)

com.clean.ship.ShipTest.testHashCode()  Time elapsed: 0 sec  <<< FAILURE!
java.lang.NullPointerException
	at com.clean.ship.ShipTest.testHashCode(ShipTest.java:117)

com.clean.ship.ShipTest.testIsSunken()  Time elapsed: 0 sec  <<< FAILURE!
java.lang.NullPointerException
	at com.clean.ship.ShipTest.testIsSunken(ShipTest.java:56)

com.clean.ship.ShipTest.testHit()  Time elapsed: 0 sec  <<< FAILURE!
java.lang.NullPointerException
	at com.clean.ship.ShipTest.testHit(ShipTest.java:36)

com.clean.ship.ShipTest.testAddShipWithOnePoint()  Time elapsed: 0 sec  <<< FAILURE!
java.lang.NullPointerException
	at com.clean.ship.ShipTest.testAddShipWithOnePoint(ShipTest.java:25)

com.clean.ship.ShipTest.testHitWithBadArguments()  Time elapsed: 0 sec  <<< FAILURE!
java.lang.NullPointerException
	at com.clean.ship.ShipTest.testHitWithBadArguments(ShipTest.java:46)

com.clean.ship.ShipTest.testIsSunkenWhenItIsNot()  Time elapsed: 0 sec  <<< FAILURE!
java.lang.NullPointerException
	at com.clean.ship.ShipTest.testIsSunkenWhenItIsNot(ShipTest.java:68)

com.clean.ship.ShipTest.testNotEqualsWithLessElements()  Time elapsed: 0 sec  <<< FAILURE!
java.lang.NullPointerException
	at com.clean.ship.ShipTest.testNotEqualsWithLessElements(ShipTest.java:91)

com.clean.ship.ShipTest.testNotEqualsWithMoreElements()  Time elapsed: 0 sec  <<< FAILURE!
java.lang.NullPointerException
	at com.clean.ship.ShipTest.testNotEqualsWithMoreElements(ShipTest.java:104)

